2018-Jun-12 14:22:51.524404 INFO    [daemon] Cryptonote v3.0.3.507.LamdaDriver-v3()
2018-Jun-12 14:22:51.524589 INFO    [daemon] Module folder: ./cryptonoted
2018-Jun-12 14:22:51.524625 INFO    [daemon] Starting in testnet mode!
2018-Jun-12 14:22:51.525967 INFO    [daemon] Initializing p2p server...
2018-Jun-12 14:22:51.546983 INFO    [node_server] Binding on 0.0.0.0:7080
2018-Jun-12 14:22:51.547087 INFO    [node_server] Net service bound on 0.0.0.0:7080
2018-Jun-12 14:22:51.547124 INFO    [node_server] Attempting to add IGD port mapping.
2018-Jun-12 14:22:55.580549 INFO    [node_server] No IGD was found.
2018-Jun-12 14:22:55.580648 INFO    [daemon] P2p server initialized OK
2018-Jun-12 14:22:55.580682 INFO    [daemon] Initializing core...
2018-Jun-12 14:22:55.633546 INFO    [Blockchain] Loading blockchain...
2018-Jun-12 14:22:55.650683 INFO    [BlockCacheSerializer] - loading block index...
2018-Jun-12 14:22:55.650761 INFO    [BlockCacheSerializer] - loading transaction map...
2018-Jun-12 14:22:55.650790 INFO    [BlockCacheSerializer] - loading spent keys...
2018-Jun-12 14:22:55.650813 INFO    [BlockCacheSerializer] - loading outputs...
2018-Jun-12 14:22:55.650836 INFO    [BlockCacheSerializer] - loading multi-signature outputs...
2018-Jun-12 14:22:55.650860 INFO    [BlockCacheSerializer] - loading deposit index...
2018-Jun-12 14:22:55.650882 INFO    [BlockCacheSerializer] Serialization time: 0ms
2018-Jun-12 14:22:55.650922 INFO    [Blockchain] Blockchain initialized. last block: 0, d8.h00.m49.s20 time ago, current difficulty: 1
2018-Jun-12 14:22:55.650954 INFO    [daemon] Core initialized OK
2018-Jun-12 14:22:55.651030 INFO    [daemon] Starting core rpc server on address 127.0.0.1:7081
2018-Jun-12 14:22:55.651143 INFO    [daemon] Core rpc server started ok
2018-Jun-12 14:22:55.651183 INFO    [daemon] Starting p2p net loop...
2018-Jun-12 14:22:55.651209 INFO    [node_server] Starting node_server
2018-Jun-12 14:22:55.651265 INFO    [core] 
2018-Jun-12 14:22:55.651265 INFO    [core] **********************************************************************
2018-Jun-12 14:22:55.651265 INFO    [core] The daemon will start synchronizing with the network. It may take up to several hours.
2018-Jun-12 14:22:55.651265 INFO    [core] 
2018-Jun-12 14:22:55.651265 INFO    [core] You can set the level of process detailization* through "set_log <level>" command*, where <level> is between 0 (no details) and 4 (very verbose).
2018-Jun-12 14:22:55.651265 INFO    [core] 
2018-Jun-12 14:22:55.651265 INFO    [core] Use "help" command to see the list of available commands.
2018-Jun-12 14:22:55.651265 INFO    [core] 
2018-Jun-12 14:22:55.651265 INFO    [core] Note: in case you need to interrupt the process, use "exit" command. Otherwise, the current progress won't be saved.
2018-Jun-12 14:22:55.651265 INFO    [core] **********************************************************************
2018-Jun-12 14:41:34.592278 INFO    [node_server] Stop signal sent
2018-Jun-12 14:41:34.592410 INFO    [node_server] Stopping NodeServer and it's, 0 connections...
2018-Jun-12 14:41:34.617027 INFO    [node_server] NodeServer loop stopped
2018-Jun-12 14:41:34.617105 INFO    [daemon] p2p net loop stopped
2018-Jun-12 14:41:34.617134 INFO    [daemon] Stopping core rpc server...
2018-Jun-12 14:41:34.617224 INFO    [daemon] Deinitializing core...
2018-Jun-12 14:41:34.617286 INFO    [miner] Mining has been stopped, 0 finished
2018-Jun-12 14:41:34.640564 INFO    [Blockchain] Saving blockchain...
2018-Jun-12 14:41:34.640710 INFO    [BlockCacheSerializer] - saving block index...
2018-Jun-12 14:41:34.640792 INFO    [BlockCacheSerializer] - saving transaction map...
2018-Jun-12 14:41:34.640857 INFO    [BlockCacheSerializer] - saving spent keys...
2018-Jun-12 14:41:34.640882 INFO    [BlockCacheSerializer] - saving outputs...
2018-Jun-12 14:41:34.640906 INFO    [BlockCacheSerializer] - saving multi-signature outputs...
2018-Jun-12 14:41:34.640931 INFO    [BlockCacheSerializer] - saving deposit index...
2018-Jun-12 14:41:34.640956 INFO    [BlockCacheSerializer] Serialization time: 0ms
2018-Jun-12 14:41:34.641015 INFO    [daemon] Deinitializing p2p...
2018-Jun-12 14:41:34.641372 INFO    [miner] Mining has been stopped, 0 finished
2018-Jun-12 14:41:34.641453 INFO    [daemon] Node stopped.
